<?xml version="1.0" encoding="UTF-8"?>
<!-- Generated by org.testng.reporters.JUnitReportReporter -->
<testsuite skipped="0" hostname="Masteros-MacBook-Air.local" name="Resources.JoinUs" tests="1" failures="0" timestamp="10 Dec 2018 23:45:43 GMT" time="1.676" errors="0">
  <testcase name="f" time="1.676" classname="Resources.JoinUs"/>
</testsuite> <!-- Resources.JoinUs -->
