<?xml version="1.0" encoding="UTF-8"?>
<!-- Generated by org.testng.reporters.JUnitReportReporter -->
<testsuite skipped="0" hostname="Masteros-MacBook-Air.local" name="UAT.JoinPage" tests="1" failures="0" timestamp="10 Dec 2018 17:08:10 GMT" time="2.192" errors="0">
  <testcase name="f" time="2.192" classname="UAT.JoinPage"/>
</testsuite> <!-- UAT.JoinPage -->
