<?xml version="1.0" encoding="UTF-8"?>
<!-- Generated by org.testng.reporters.JUnitReportReporter -->
<testsuite skipped="0" hostname="Masteros-MacBook-Air.local" name="UAT.JoinUs" tests="2" failures="0" timestamp="10 Dec 2018 17:17:04 GMT" time="6.453" errors="0">
  <testcase name="f" time="3.539" classname="UAT.JoinUs"/>
  <testcase name="f" time="2.914" classname="UAT.JoinUs"/>
</testsuite> <!-- UAT.JoinUs -->
